[2020-03-18 15:01:16] name.WARNING:  [] []
[2020-03-18 15:03:11] name.WARNING:  [] []
[2020-03-18 15:03:47] name.WARNING:  [] []
[2020-03-18 15:03:48] name.WARNING:  [] []
[2020-03-18 15:04:15] name.WARNING:  [] []
[2020-03-18 15:05:33] name.WARNING:  [] []
[2020-03-18 15:06:29] name.WARNING: 1-vin-belgium-test-bruxelle-pix.pg-1230-pinot [] []
[2020-03-18 15:08:10] name.WARNING: id-name-country-description-region-picture-year-grape [] []
[2020-03-18 15:08:10] name.WARNING: 1-vin-belgium-test-bruxelle-pix.pg-1230-pinot [] []
[2020-03-18 15:23:07] name.WARNING: id-name-country-description-region-picture-year-grape [] []
[2020-03-18 15:23:07] name.WARNING: 1-vin-belgium-test-bruxelle-pix.pg-1230-pinot [] []
[2020-03-18 15:23:35] name.WARNING: id-name-country-description-region-picture-year-grape [] []
[2020-03-18 15:23:35] name.WARNING: 1-vin-belgium-test-bruxelle-pix.pg-1230-pinot [] []
[2020-03-18 15:24:53] name.WARNING: id-name-country-description-region-picture-year-grapes [] []
[2020-03-18 15:24:53] name.WARNING: 1-vin-belgium-test-bruxelle-pix.pg-1230-pinot [] []
[2020-03-19 17:31:39] name.WARNING: id-name-grapes-country-region-years-btSubmit-btDelete-description-picture [] []
[2020-03-19 17:31:39] name.WARNING: 9-BLOCK NINE-Pinot-USA-California----With hints of ginger and spice, this wine makes an excellent complement to light appetizer and dessert fare for a holiday gathering.-http://localhost/caviste/caviste/public/pics/block_nine.jpg [] []
[2020-03-19 17:35:29] name.WARNING: id-name-grapes-country-region-years-btSubmit-btDelete-description-picture [] []
[2020-03-19 17:35:29] name.WARNING: 9-BLOCK NINE-Pinot-USA-California-1200---With hints of ginger and spice, this wine makes an excellent complement to light appetizer and dessert fare for a holiday gathering.-http://localhost/caviste/caviste/public/pics/block_nine.jpg [] []
[2020-03-19 17:36:02] name.WARNING: id-name-grapes-country-region-year-btSubmit-btDelete-description-picture [] []
[2020-03-19 17:36:02] name.WARNING: 9-BLOCK NINE-Pinot-USA-California-1200---With hints of ginger and spice, this wine makes an excellent complement to light appetizer and dessert fare for a holiday gathering.-http://localhost/caviste/caviste/public/pics/http://localhost/caviste/caviste/public/pics/block_nine.jpg [] []
[2020-03-19 17:48:37] name.WARNING: id-name-grapes-country-region-year-btSubmit-btDelete-description-picture [] []
[2020-03-19 17:48:37] name.WARNING: 7-CHATEAU LE DOYENNE-Merlot-Franceee-Bordeaux-2005---Though dense and chewy, this wine does not overpower with its finely balanced depth and structure. It is a truly luxurious experience for the senses.-http://localhost/caviste/caviste/public/pics/le_doyenne.jpg [] []
[2020-03-19 18:09:21] name.WARNING: id-name-grapes-country-region-year-btSubmit-btDelete-description-picture [] []
[2020-03-19 18:09:21] name.WARNING: 7-CHATEAU LE DOYENNE-Merlot-France-Bordeaux-2005---Though dense and chewy, this wine does not overpower with its finely balanced depth and structure. It is a truly luxurious experience for the senses.-http://localhost/caviste/caviste/public/pics/http://localhost/caviste/caviste/public/pics/le_doyenne.jpg [] []
[2020-03-19 18:11:36] name.WARNING: id-name-grapes-country-region-year-btSubmit-btDelete-description-picture [] []
[2020-03-19 18:11:36] name.WARNING: 7-CHATEAU LE DOYENNE-Merlot-Francee-Bordeaux-2005---Though dense and chewy, this wine does not overpower with its finely balanced depth and structure. It is a truly luxurious experience for the senses.-/le_doyenne.jpg [] []
[2020-03-19 18:12:10] name.WARNING: id-name-grapes-country-region-year-btSubmit-btDelete-description-picture [] []
[2020-03-19 18:12:10] name.WARNING: 7-CHATEAU LE DOYENNE-Merlot-France-Bordeaux-2005---Though dense and chewy, this wine does not overpower with its finely balanced depth and structure. It is a truly luxurious experience for the senses.-le_doyenne.jpg [] []
[2020-03-19 20:48:15] post.WARNING: id-name-grapes-country-region-year-btSubmit-btDelete-description-picture [] []
[2020-03-19 20:48:15] post.WARNING: -test-test-test-ttest-test----janasse.jpg [] []
